{
  "stats": {
    "suites": 1,
    "tests": 5,
    "passes": 5,
    "pending": 0,
    "failures": 0,
    "start": "2025-01-18T14:07:57.157Z",
    "end": "2025-01-18T14:08:09.648Z",
    "duration": 12491,
    "testsRegistered": 5,
    "passPercent": 100,
    "pendingPercent": 0,
    "other": 0,
    "hasOther": false,
    "skipped": 0,
    "hasSkipped": false
  },
  "results": [
    {
      "uuid": "9445e359-7d24-49f7-912d-e9c42e26ae04",
      "title": "",
      "fullFile": "cypress\\e2e\\login.cy.js",
      "file": "cypress\\e2e\\login.cy.js",
      "beforeHooks": [],
      "afterHooks": [],
      "tests": [],
      "suites": [
        {
          "uuid": "3296c180-1a33-4f41-b03f-f2e6b5dcd512",
          "title": "Login Tests",
          "fullFile": "",
          "file": "",
          "beforeHooks": [],
          "afterHooks": [],
          "tests": [
            {
              "title": "Neg: User Name should mandatory",
              "fullTitle": "Login Tests Neg: User Name should mandatory",
              "timedOut": null,
              "duration": 3081,
              "state": "passed",
              "speed": "fast",
              "pass": true,
              "fail": false,
              "pending": false,
              "context": null,
              "code": "_loginPage.loginPage.loginValidationTest('', environmentData.password, messages.login.usernameRequired);",
              "err": {},
              "uuid": "2b508b42-16a5-45d7-a336-6df1fc22cc36",
              "parentUUID": "3296c180-1a33-4f41-b03f-f2e6b5dcd512",
              "isHook": false,
              "skipped": false
            },
            {
              "title": "Neg: Password should mandatory",
              "fullTitle": "Login Tests Neg: Password should mandatory",
              "timedOut": null,
              "duration": 1864,
              "state": "passed",
              "speed": "fast",
              "pass": true,
              "fail": false,
              "pending": false,
              "context": null,
              "code": "_loginPage.loginPage.loginValidationTest(environmentData.username, '', messages.login.passwordRequired);",
              "err": {},
              "uuid": "29a36a59-9f69-4d28-9ac4-e72a8bd4fe9d",
              "parentUUID": "3296c180-1a33-4f41-b03f-f2e6b5dcd512",
              "isHook": false,
              "skipped": false
            },
            {
              "title": "Neg: Invalid user should not login",
              "fullTitle": "Login Tests Neg: Invalid user should not login",
              "timedOut": null,
              "duration": 1619,
              "state": "passed",
              "speed": "fast",
              "pass": true,
              "fail": false,
              "pending": false,
              "context": null,
              "code": "_loginPage.loginPage.loginValidationTest(environmentData.invalidUsername, environmentData.password, messages.login.invalidUsername);",
              "err": {},
              "uuid": "bd802efa-bd71-40ce-a760-6c9630584013",
              "parentUUID": "3296c180-1a33-4f41-b03f-f2e6b5dcd512",
              "isHook": false,
              "skipped": false
            },
            {
              "title": "Neg: Invalid Password should not work",
              "fullTitle": "Login Tests Neg: Invalid Password should not work",
              "timedOut": null,
              "duration": 2129,
              "state": "passed",
              "speed": "fast",
              "pass": true,
              "fail": false,
              "pending": false,
              "context": null,
              "code": "_loginPage.loginPage.loginValidationTest(environmentData.username, environmentData.invalidPassword, messages.login.invalidPassword);",
              "err": {},
              "uuid": "0c0d3e0f-035c-45a6-9a91-0cfde336baea",
              "parentUUID": "3296c180-1a33-4f41-b03f-f2e6b5dcd512",
              "isHook": false,
              "skipped": false
            },
            {
              "title": "Positive: Login should succeed with valid credentials",
              "fullTitle": "Login Tests Positive: Login should succeed with valid credentials",
              "timedOut": null,
              "duration": 3641,
              "state": "passed",
              "speed": "fast",
              "pass": true,
              "fail": false,
              "pending": false,
              "context": null,
              "code": "_loginPage.loginPage.login(environmentData.username, environmentData.password);",
              "err": {},
              "uuid": "3893fe2e-9c98-48d0-a665-cdd0e65c6295",
              "parentUUID": "3296c180-1a33-4f41-b03f-f2e6b5dcd512",
              "isHook": false,
              "skipped": false
            }
          ],
          "suites": [],
          "passes": [
            "2b508b42-16a5-45d7-a336-6df1fc22cc36",
            "29a36a59-9f69-4d28-9ac4-e72a8bd4fe9d",
            "bd802efa-bd71-40ce-a760-6c9630584013",
            "0c0d3e0f-035c-45a6-9a91-0cfde336baea",
            "3893fe2e-9c98-48d0-a665-cdd0e65c6295"
          ],
          "failures": [],
          "pending": [],
          "skipped": [],
          "duration": 12334,
          "root": false,
          "rootEmpty": false,
          "_timeout": 2000
        }
      ],
      "passes": [],
      "failures": [],
      "pending": [],
      "skipped": [],
      "duration": 0,
      "root": true,
      "rootEmpty": true,
      "_timeout": 2000
    }
  ],
  "meta": {
    "mocha": {
      "version": "7.0.1"
    },
    "mochawesome": {
      "options": {
        "quiet": false,
        "reportFilename": "mochawesome",
        "saveHtml": false,
        "saveJson": true,
        "consoleReporter": "spec",
        "useInlineDiffs": false,
        "code": true
      },
      "version": "7.1.3"
    },
    "marge": {
      "options": {
        "reportDir": "cypress/reports",
        "overwrite": false,
        "html": false,
        "json": true
      },
      "version": "6.2.0"
    }
  }
}