{
  "stats": {
    "suites": 1,
    "tests": 5,
    "passes": 5,
    "pending": 0,
    "failures": 0,
    "start": "2025-01-19T18:18:00.215Z",
    "end": "2025-01-19T18:18:16.372Z",
    "duration": 16157,
    "testsRegistered": 5,
    "passPercent": 100,
    "pendingPercent": 0,
    "other": 0,
    "hasOther": false,
    "skipped": 0,
    "hasSkipped": false
  },
  "results": [
    {
      "uuid": "f903baa9-c463-4a24-97a1-b36460094688",
      "title": "",
      "fullFile": "cypress\\e2e\\TestSuit01-Login.cy.js",
      "file": "cypress\\e2e\\TestSuit01-Login.cy.js",
      "beforeHooks": [],
      "afterHooks": [],
      "tests": [],
      "suites": [
        {
          "uuid": "27254502-ed73-4215-bd21-39c9dcf2c617",
          "title": "Login Tests",
          "fullFile": "",
          "file": "",
          "beforeHooks": [],
          "afterHooks": [],
          "tests": [
            {
              "title": "Neg: User Name should mandatory",
              "fullTitle": "Login Tests Neg: User Name should mandatory",
              "timedOut": null,
              "duration": 5369,
              "state": "passed",
              "speed": "medium",
              "pass": true,
              "fail": false,
              "pending": false,
              "context": null,
              "code": "_loginPage.loginPage.loginValidationTest('', environmentData.password, messages.login.usernameRequired);",
              "err": {},
              "uuid": "64707071-ca5a-4c0e-8c5a-2fd37618e163",
              "parentUUID": "27254502-ed73-4215-bd21-39c9dcf2c617",
              "isHook": false,
              "skipped": false
            },
            {
              "title": "Neg: Password should mandatory",
              "fullTitle": "Login Tests Neg: Password should mandatory",
              "timedOut": null,
              "duration": 2163,
              "state": "passed",
              "speed": "fast",
              "pass": true,
              "fail": false,
              "pending": false,
              "context": null,
              "code": "_loginPage.loginPage.loginValidationTest(environmentData.username, '', messages.login.passwordRequired);",
              "err": {},
              "uuid": "4ef92c30-c290-47d0-85f5-a62c4ab7e690",
              "parentUUID": "27254502-ed73-4215-bd21-39c9dcf2c617",
              "isHook": false,
              "skipped": false
            },
            {
              "title": "Neg: Invalid user should not login",
              "fullTitle": "Login Tests Neg: Invalid user should not login",
              "timedOut": null,
              "duration": 1605,
              "state": "passed",
              "speed": "fast",
              "pass": true,
              "fail": false,
              "pending": false,
              "context": null,
              "code": "_loginPage.loginPage.loginValidationTest(environmentData.invalidUsername, environmentData.password, messages.login.invalidUsername);",
              "err": {},
              "uuid": "5ce6fcf2-141a-4e12-9b32-6d8756ab7602",
              "parentUUID": "27254502-ed73-4215-bd21-39c9dcf2c617",
              "isHook": false,
              "skipped": false
            },
            {
              "title": "Neg: Invalid Password should not work",
              "fullTitle": "Login Tests Neg: Invalid Password should not work",
              "timedOut": null,
              "duration": 2578,
              "state": "passed",
              "speed": "fast",
              "pass": true,
              "fail": false,
              "pending": false,
              "context": null,
              "code": "_loginPage.loginPage.loginValidationTest(environmentData.username, environmentData.invalidPassword, messages.login.invalidPassword);",
              "err": {},
              "uuid": "5f010fb3-4b6a-4fb1-8748-7dbf6b7abb47",
              "parentUUID": "27254502-ed73-4215-bd21-39c9dcf2c617",
              "isHook": false,
              "skipped": false
            },
            {
              "title": "Positive: Login should succeed with valid credentials",
              "fullTitle": "Login Tests Positive: Login should succeed with valid credentials",
              "timedOut": null,
              "duration": 4210,
              "state": "passed",
              "speed": "fast",
              "pass": true,
              "fail": false,
              "pending": false,
              "context": null,
              "code": "_loginPage.loginPage.login(environmentData.username, environmentData.password);",
              "err": {},
              "uuid": "a7dea24b-30c1-4220-9d81-d6b3d5bbc889",
              "parentUUID": "27254502-ed73-4215-bd21-39c9dcf2c617",
              "isHook": false,
              "skipped": false
            }
          ],
          "suites": [],
          "passes": [
            "64707071-ca5a-4c0e-8c5a-2fd37618e163",
            "4ef92c30-c290-47d0-85f5-a62c4ab7e690",
            "5ce6fcf2-141a-4e12-9b32-6d8756ab7602",
            "5f010fb3-4b6a-4fb1-8748-7dbf6b7abb47",
            "a7dea24b-30c1-4220-9d81-d6b3d5bbc889"
          ],
          "failures": [],
          "pending": [],
          "skipped": [],
          "duration": 15925,
          "root": false,
          "rootEmpty": false,
          "_timeout": 2000
        }
      ],
      "passes": [],
      "failures": [],
      "pending": [],
      "skipped": [],
      "duration": 0,
      "root": true,
      "rootEmpty": true,
      "_timeout": 2000
    }
  ],
  "meta": {
    "mocha": {
      "version": "7.0.1"
    },
    "mochawesome": {
      "options": {
        "quiet": false,
        "reportFilename": "mochawesome",
        "saveHtml": false,
        "saveJson": true,
        "consoleReporter": "spec",
        "useInlineDiffs": false,
        "code": true
      },
      "version": "7.1.3"
    },
    "marge": {
      "options": {
        "reportDir": "cypress/reports",
        "overwrite": false,
        "html": false,
        "json": true
      },
      "version": "6.2.0"
    }
  }
}