{
  "stats": {
    "suites": 1,
    "tests": 1,
    "passes": 1,
    "pending": 0,
    "failures": 0,
    "start": "2025-01-19T18:18:19.381Z",
    "end": "2025-01-19T18:18:25.971Z",
    "duration": 6590,
    "testsRegistered": 1,
    "passPercent": 100,
    "pendingPercent": 0,
    "other": 0,
    "hasOther": false,
    "skipped": 0,
    "hasSkipped": false
  },
  "results": [
    {
      "uuid": "938d0a25-ca48-4aca-974c-ca4ffc7a3246",
      "title": "",
      "fullFile": "cypress\\e2e\\TestSuit02-AddCart.cy.js",
      "file": "cypress\\e2e\\TestSuit02-AddCart.cy.js",
      "beforeHooks": [],
      "afterHooks": [],
      "tests": [],
      "suites": [
        {
          "uuid": "40f18c27-47ea-4c18-a90d-46f1619a455d",
          "title": "Test Add Cart",
          "fullFile": "",
          "file": "",
          "beforeHooks": [],
          "afterHooks": [],
          "tests": [
            {
              "title": "should add item to cart and proceed to checkout",
              "fullTitle": "Test Add Cart should add item to cart and proceed to checkout",
              "timedOut": null,
              "duration": 6539,
              "state": "passed",
              "speed": "medium",
              "pass": true,
              "fail": false,
              "pending": false,
              "context": null,
              "code": "_addCartPage.addCartPageInstance.addCart(); // Use the correct instance here",
              "err": {},
              "uuid": "d044f6a9-17e9-4f0a-a074-072ab71387a4",
              "parentUUID": "40f18c27-47ea-4c18-a90d-46f1619a455d",
              "isHook": false,
              "skipped": false
            }
          ],
          "suites": [],
          "passes": [
            "d044f6a9-17e9-4f0a-a074-072ab71387a4"
          ],
          "failures": [],
          "pending": [],
          "skipped": [],
          "duration": 6539,
          "root": false,
          "rootEmpty": false,
          "_timeout": 2000
        }
      ],
      "passes": [],
      "failures": [],
      "pending": [],
      "skipped": [],
      "duration": 0,
      "root": true,
      "rootEmpty": true,
      "_timeout": 2000
    }
  ],
  "meta": {
    "mocha": {
      "version": "7.0.1"
    },
    "mochawesome": {
      "options": {
        "quiet": false,
        "reportFilename": "mochawesome",
        "saveHtml": false,
        "saveJson": true,
        "consoleReporter": "spec",
        "useInlineDiffs": false,
        "code": true
      },
      "version": "7.1.3"
    },
    "marge": {
      "options": {
        "reportDir": "cypress/reports",
        "overwrite": false,
        "html": false,
        "json": true
      },
      "version": "6.2.0"
    }
  }
}