{
  "stats": {
    "suites": 1,
    "tests": 1,
    "passes": 1,
    "pending": 0,
    "failures": 0,
    "start": "2025-01-19T18:18:29.355Z",
    "end": "2025-01-19T18:18:40.578Z",
    "duration": 11223,
    "testsRegistered": 1,
    "passPercent": 100,
    "pendingPercent": 0,
    "other": 0,
    "hasOther": false,
    "skipped": 0,
    "hasSkipped": false
  },
  "results": [
    {
      "uuid": "995169d2-cd32-4552-b9a6-697c5c278b72",
      "title": "",
      "fullFile": "cypress\\e2e\\TestSuit03-CheckOut.cy.js",
      "file": "cypress\\e2e\\TestSuit03-CheckOut.cy.js",
      "beforeHooks": [],
      "afterHooks": [],
      "tests": [],
      "suites": [
        {
          "uuid": "e7275e9d-f003-490e-a47d-c835d0cfcf46",
          "title": "Test Checkout",
          "fullFile": "",
          "file": "",
          "beforeHooks": [],
          "afterHooks": [],
          "tests": [
            {
              "title": "Checkout should successful with valid info ",
              "fullTitle": "Test Checkout Checkout should successful with valid info ",
              "timedOut": null,
              "duration": 11151,
              "state": "passed",
              "speed": "slow",
              "pass": true,
              "fail": false,
              "pending": false,
              "context": null,
              "code": "_checkOutPage.checkOutPageInstance.checkOut();",
              "err": {},
              "uuid": "87bb39a3-ddd0-4fa1-ba02-62260d81e0be",
              "parentUUID": "e7275e9d-f003-490e-a47d-c835d0cfcf46",
              "isHook": false,
              "skipped": false
            }
          ],
          "suites": [],
          "passes": [
            "87bb39a3-ddd0-4fa1-ba02-62260d81e0be"
          ],
          "failures": [],
          "pending": [],
          "skipped": [],
          "duration": 11151,
          "root": false,
          "rootEmpty": false,
          "_timeout": 2000
        }
      ],
      "passes": [],
      "failures": [],
      "pending": [],
      "skipped": [],
      "duration": 0,
      "root": true,
      "rootEmpty": true,
      "_timeout": 2000
    }
  ],
  "meta": {
    "mocha": {
      "version": "7.0.1"
    },
    "mochawesome": {
      "options": {
        "quiet": false,
        "reportFilename": "mochawesome",
        "saveHtml": false,
        "saveJson": true,
        "consoleReporter": "spec",
        "useInlineDiffs": false,
        "code": true
      },
      "version": "7.1.3"
    },
    "marge": {
      "options": {
        "reportDir": "cypress/reports",
        "overwrite": false,
        "html": false,
        "json": true
      },
      "version": "6.2.0"
    }
  }
}